<?xml version="1.0" encoding="UTF-8"?>
<!-- Generated by org.testng.reporters.JUnitXMLReporter -->
<testsuite ignored="0" hostname="GauriShankar" failures="0" tests="4" name="Test" time="12.15" errors="0" timestamp="2024-08-12T22:31:43 IST">
  <testcase classname="api.Testcases.UserTestcases2" name="testCreateUser" time="4.143"/>
  <testcase classname="api.Testcases.UserTestcases2" name="testGetUser" time="1.442"/>
  <testcase classname="api.Testcases.UserTestcases2" name="testUpdateUser" time="3.038"/>
  <testcase classname="api.Testcases.UserTestcases2" name="testdeleteUser" time="1.292"/>
</testsuite> <!-- Test -->
