<?xml version="1.0" encoding="UTF-8"?>
<testng-results ignored="0" total="4" passed="4" failed="0" skipped="0">
  <reporter-output>
  </reporter-output>
  <suite started-at="2024-08-12T22:31:31 IST" name="Suite" finished-at="2024-08-12T22:31:43 IST" duration-ms="12150">
    <groups>
    </groups>
    <test started-at="2024-08-12T22:31:31 IST" name="Test" finished-at="2024-08-12T22:31:43 IST" duration-ms="12150">
      <class name="api.Testcases.UserTestcases2">
        <test-method is-config="true" signature="generateTestData()[pri:0, instance:api.Testcases.UserTestcases2@3e11f9e9]" started-at="2024-08-12T22:31:32 IST" name="generateTestData" finished-at="2024-08-12T22:31:33 IST" duration-ms="1672" status="PASS">
          <reporter-output>
          </reporter-output>
        </test-method> <!-- generateTestData -->
        <test-method signature="testCreateUser()[pri:1, instance:api.Testcases.UserTestcases2@3e11f9e9]" started-at="2024-08-12T22:31:33 IST" name="testCreateUser" finished-at="2024-08-12T22:31:38 IST" duration-ms="4143" status="PASS">
          <reporter-output>
          </reporter-output>
        </test-method> <!-- testCreateUser -->
        <test-method signature="testGetUser()[pri:2, instance:api.Testcases.UserTestcases2@3e11f9e9]" started-at="2024-08-12T22:31:38 IST" name="testGetUser" finished-at="2024-08-12T22:31:39 IST" duration-ms="1442" status="PASS">
          <reporter-output>
          </reporter-output>
        </test-method> <!-- testGetUser -->
        <test-method signature="testUpdateUser()[pri:3, instance:api.Testcases.UserTestcases2@3e11f9e9]" started-at="2024-08-12T22:31:39 IST" name="testUpdateUser" finished-at="2024-08-12T22:31:42 IST" duration-ms="3038" status="PASS">
          <reporter-output>
          </reporter-output>
        </test-method> <!-- testUpdateUser -->
        <test-method signature="testdeleteUser()[pri:4, instance:api.Testcases.UserTestcases2@3e11f9e9]" started-at="2024-08-12T22:31:42 IST" name="testdeleteUser" finished-at="2024-08-12T22:31:43 IST" duration-ms="1292" status="PASS">
          <reporter-output>
          </reporter-output>
        </test-method> <!-- testdeleteUser -->
      </class> <!-- api.Testcases.UserTestcases2 -->
    </test> <!-- Test -->
  </suite> <!-- Suite -->
</testng-results>
